C:\Program Files (x86)\MSBuild\Microsoft.Cpp\v4.0\V140\Microsoft.CppBuild.targets(392,5): warning MSB8028: The intermediate directory (x64\Debug\) contains files shared from another project (ImageProcessing_LightReflectorsv2.vcxproj).  This can lead to incorrect clean and rebuild behavior.
  Process.cpp
c:\frc2017\opencv\build\include\opencv2\flann\logger.h(66): warning C4996: 'fopen': This function or variable may be unsafe. Consider using fopen_s instead. To disable deprecation, use _CRT_SECURE_NO_WARNINGS. See online help for details.
  C:\Program Files (x86)\Windows Kits\10\Include\10.0.10240.0\ucrt\stdio.h(205): note: see declaration of 'fopen'
Process.cpp(174): warning C4244: 'initializing': conversion from 'double' to 'float', possible loss of data
Process.cpp(176): warning C4305: 'argument': truncation from 'double' to 'float'
Process.cpp(191): warning C4244: 'initializing': conversion from 'float' to 'int', possible loss of data
Process.cpp(192): warning C4244: 'initializing': conversion from 'double' to 'float', possible loss of data
Process.cpp(194): warning C4305: 'initializing': truncation from 'double' to 'float'
Process.cpp(205): warning C4244: 'initializing': conversion from 'double' to 'float', possible loss of data
Process.cpp(138): warning C4101: 'area_ratio': unreferenced local variable
Process.cpp(240): warning C4244: 'initializing': conversion from 'double' to 'float', possible loss of data
Process.cpp(245): warning C4305: 'argument': truncation from 'double' to 'float'
Process.cpp(300): warning C4244: 'initializing': conversion from 'double' to 'float', possible loss of data
Process.cpp(332): warning C4244: 'initializing': conversion from 'double' to 'float', possible loss of data
Process.cpp(368): warning C4244: 'argument': conversion from 'double' to 'int', possible loss of data
Process.cpp(452): warning C4244: '+=': conversion from 'float' to 'int', possible loss of data
Process.cpp(459): warning C4244: 'initializing': conversion from 'double' to 'float', possible loss of data
Process.cpp(505): warning C4244: 'initializing': conversion from 'double' to 'float', possible loss of data
Process.cpp(512): warning C4244: '=': conversion from 'double' to 'float', possible loss of data
Process.cpp(513): warning C4244: '=': conversion from 'double' to 'float', possible loss of data
  ImageProcessing_LightReflectorsv3.vcxproj -> C:\frc2017\Drive\ImageProcessing_2017\x64\Debug\CombinedProcess.exe
  ImageProcessing_LightReflectorsv3.vcxproj -> C:\frc2017\Drive\ImageProcessing_2017\x64\Debug\CombinedProcess.pdb (Full PDB)
